2013-02-12 13:45:35-08:00 --- INFO: Attempting deployment...
2013-02-12 13:45:35-08:00 --- INFO: Changing working directory... 
2013-02-12 13:45:35-08:00 --- INFO: Reseting repository... HEAD is now at 8659cc8 add deploy script
2013-02-12 13:45:36-08:00 --- INFO: Pulling in changes... HEAD is now at 8659cc8 add deploy script Already up-to-date.
2013-02-12 13:45:36-08:00 --- INFO: Securing .git directory... 
2013-02-12 13:45:36-08:00 --- INFO: Deployment successful.
2013-02-22 08:01:53-08:00 --- INFO: Attempting deployment...
2013-02-22 08:01:53-08:00 --- INFO: Changing working directory... 
2013-02-22 08:01:54-08:00 --- INFO: Reseting repository... HEAD is now at 8659cc8 add deploy script
2013-02-22 08:01:55-08:00 --- INFO: Pulling in changes... HEAD is now at 8659cc8 add deploy script Updating 8659cc8..905ead7 Fast-forward  includes/config.php    |   24 +++++-----  pages/registration.php |   65 ++++++++++++++++++++++++  send.php               |  129 ++++++++++++++++++++---------------------------  3 files changed, 132 insertions(+), 86 deletions(-)  create mode 100644 pages/registration.php
2013-02-22 08:01:55-08:00 --- INFO: Securing .git directory... 
2013-02-22 08:01:55-08:00 --- INFO: Deployment successful.
2013-02-22 09:55:06-08:00 --- INFO: Attempting deployment...
2013-02-22 09:55:06-08:00 --- INFO: Changing working directory... 
2013-02-22 09:55:06-08:00 --- INFO: Reseting repository... HEAD is now at 905ead7 add css
2013-02-22 09:55:09-08:00 --- INFO: Pulling in changes... HEAD is now at 905ead7 add css Updating 905ead7..4069a44 Fast-forward  .DS_Store                                     |  Bin 6148 -> 12292 bytes  css/frontend.css                              |   49 +-  css/frontend.less                             | 1764 +++++++++++++------------  feb2013/5092 R&D TIF Inventory Eblast (1).pdf |  Bin 0 -> 2128260 bytes  feb2013/5092 R&D TIF Inventory Eblast.jpeg    |  Bin 0 -> 581814 bytes  feb2013/5092 R&D TIF Inventory Eblast.psd     |  Bin 0 -> 3022560 bytes  feb2013/5092_R&D_TIF_Inventory_Eblast.html    |  164 +++  feb2013/clear.gif                             |  Bin 0 -> 1095 bytes  feb2013/desantis.jpg                          |  Bin 0 -> 9854 bytes  feb2013/hdr.jpg                               |  Bin 0 -> 133214 bytes  feb2013/map.jpg                               |  Bin 0 -> 19406 bytes  feb2013/photo1.jpg                            |  Bin 0 -> 27030 bytes  feb2013/photo2.jpg                            |  Bin 0 -> 29468 bytes  feb2013/rosehaven.jpg                         |  Bin 0 -> 9265 bytes  images/.DS_Store                              |  Bin 6148 -> 15364 bytes  images/blue-arrow.png                         |  Bin 0 -> 1443 bytes  images/gallery/thumbs/tiffanyhill_photo03.jpg |  Bin 15285 -> 0 bytes  images/gallery/thumbs/tiffanyhill_photo04.jpg |  Bin 13131 -> 0 bytes  index.php                                     |    3 +-  19 files changed, 1089 insertions(+), 891 deletions(-)  create mode 100755 feb2013/5092 R&D TIF Inventory Eblast (1).pdf  create mode 100755 feb2013/5092 R&D TIF Inventory Eblast.jpeg  create mode 100755 feb2013/5092 R&D TIF Inventory Eblast.psd  create mode 100755 feb2013/5092_R&D_TIF_Inventory_Eblast.html  create mode 100755 feb2013/clear.gif  create mode 100755 feb2013/desantis.jpg  create mode 100755 feb2013/hdr.jpg  create mode 100755 feb2013/map.jpg  create mode 100755 feb2013/photo1.jpg  create mode 100755 feb2013/photo2.jpg  create mode 100755 feb2013/rosehaven.jpg  create mode 100644 images/blue-arrow.png  delete mode 100644 images/gallery/thumbs/tiffanyhill_photo03.jpg  delete mode 100644 images/gallery/thumbs/tiffanyhill_photo04.jpg
2013-02-22 09:55:09-08:00 --- INFO: Securing .git directory... 
2013-02-22 09:55:09-08:00 --- INFO: Deployment successful.
2013-02-22 09:56:03-08:00 --- INFO: Attempting deployment...
2013-02-22 09:56:03-08:00 --- INFO: Changing working directory... 
2013-02-22 09:56:03-08:00 --- INFO: Reseting repository... HEAD is now at 4069a44 new folder by someone else
2013-02-22 09:56:04-08:00 --- INFO: Pulling in changes... HEAD is now at 4069a44 new folder by someone else Updating 4069a44..a4ccfc7 Fast-forward  css/frontend.less |    2 +-  1 files changed, 1 insertions(+), 1 deletions(-)
2013-02-22 09:56:04-08:00 --- INFO: Securing .git directory... 
2013-02-22 09:56:04-08:00 --- INFO: Deployment successful.
2013-02-22 09:56:53-08:00 --- INFO: Attempting deployment...
2013-02-22 09:56:53-08:00 --- INFO: Changing working directory... 
2013-02-22 09:56:53-08:00 --- INFO: Reseting repository... HEAD is now at a4ccfc7 css
2013-02-22 09:56:53-08:00 --- INFO: Pulling in changes... HEAD is now at a4ccfc7 css Updating a4ccfc7..69e68bc Fast-forward  css/frontend.css |    2 +-  1 files changed, 1 insertions(+), 1 deletions(-)
2013-02-22 09:56:53-08:00 --- INFO: Securing .git directory... 
2013-02-22 09:56:53-08:00 --- INFO: Deployment successful.
2013-02-22 10:01:01-08:00 --- INFO: Attempting deployment...
2013-02-22 10:01:01-08:00 --- INFO: Changing working directory... 
2013-02-22 10:01:01-08:00 --- INFO: Reseting repository... HEAD is now at 69e68bc css
2013-02-22 10:01:02-08:00 --- INFO: Pulling in changes... HEAD is now at 69e68bc css Updating 69e68bc..169b07c Fast-forward  css/frontend.css  |    4 ++--  css/frontend.less |    4 ++--  2 files changed, 4 insertions(+), 4 deletions(-)
2013-02-22 10:01:02-08:00 --- INFO: Securing .git directory... 
2013-02-22 10:01:02-08:00 --- INFO: Deployment successful.
2013-02-22 14:41:05-08:00 --- INFO: Attempting deployment...
2013-02-22 14:41:05-08:00 --- INFO: Changing working directory... 
2013-02-22 14:41:06-08:00 --- INFO: Attempting deployment...
2013-02-22 14:41:06-08:00 --- INFO: Changing working directory... 
2013-02-22 14:41:06-08:00 --- INFO: Reseting repository... 
2013-02-22 14:41:06-08:00 --- INFO: Reseting repository... HEAD is now at 169b07c css
2013-02-22 14:41:07-08:00 --- INFO: Pulling in changes... HEAD is now at 169b07c css Updating 169b07c..783eefc Fast-forward  css/frontend.css  |   16 ++++------------  css/frontend.less |   17 +++++------------  index.php         |    2 +-  pages/home.php    |   11 ++++++++---  4 files changed, 18 insertions(+), 28 deletions(-)
2013-02-22 14:41:07-08:00 --- INFO: Securing .git directory... 
2013-02-22 14:41:07-08:00 --- INFO: Deployment successful.
2013-02-22 14:41:07-08:00 --- INFO: Pulling in changes... Already up-to-date. Yeeah!
2013-02-22 14:41:07-08:00 --- INFO: Securing .git directory... 
2013-02-22 14:41:07-08:00 --- INFO: Deployment successful.
2013-02-22 14:45:53-08:00 --- INFO: Attempting deployment...
2013-02-22 14:45:53-08:00 --- INFO: Changing working directory... 
2013-02-22 14:45:53-08:00 --- INFO: Reseting repository... HEAD is now at 783eefc css changes
2013-02-22 14:45:54-08:00 --- INFO: Pulling in changes... HEAD is now at 783eefc css changes Updating 783eefc..5c7856d Fast-forward  css/frontend.css       |    6 +++++-  css/frontend.less      |    6 +++++-  pages/registration.php |    2 +-  3 files changed, 11 insertions(+), 3 deletions(-)
2013-02-22 14:45:54-08:00 --- INFO: Securing .git directory... 
2013-02-22 14:45:54-08:00 --- INFO: Deployment successful.
2013-03-20 10:22:42-07:00 --- INFO: Attempting deployment...
2013-03-20 10:22:42-07:00 --- INFO: Changing working directory... 
2013-03-20 10:22:43-07:00 --- INFO: Reseting repository... HEAD is now at 5c7856d css changes
2013-03-20 10:22:44-07:00 --- INFO: Pulling in changes... HEAD is now at 5c7856d css changes Updating 5c7856d..d3f3efe Fast-forward  .DS_Store        |  Bin 12292 -> 0 bytes  .gitignore       |    3 ++-  images/.DS_Store |  Bin 15364 -> 0 bytes  index.php        |   11 +++++++++++  4 files changed, 13 insertions(+), 1 deletions(-)  delete mode 100644 .DS_Store  delete mode 100644 images/.DS_Store
2013-03-20 10:22:45-07:00 --- INFO: Securing .git directory... 
2013-03-20 10:22:45-07:00 --- INFO: Deployment successful.
2013-03-21 07:59:57-07:00 --- INFO: Attempting deployment...
2013-03-21 07:59:57-07:00 --- INFO: Changing working directory... 
2013-03-21 07:59:58-07:00 --- INFO: Reseting repository... HEAD is now at d3f3efe change ignore
2013-03-21 07:59:59-07:00 --- INFO: Attempting deployment...
2013-03-21 07:59:59-07:00 --- INFO: Changing working directory... 
2013-03-21 07:59:59-07:00 --- INFO: Reseting repository... HEAD is now at d3f3efe change ignore
2013-03-21 07:59:59-07:00 --- INFO: Pulling in changes... HEAD is now at d3f3efe change ignore Updating d3f3efe..fd27fbb Fast-forward  send.php |  127 +++++++++++++++++++++++++++++++++++---------------------------  1 files changed, 72 insertions(+), 55 deletions(-)  mode change 100755 => 100644 send.php
2013-03-21 07:59:59-07:00 --- INFO: Securing .git directory... 
2013-03-21 07:59:59-07:00 --- INFO: Deployment successful.
2013-03-21 08:00:00-07:00 --- INFO: Pulling in changes... HEAD is now at d3f3efe change ignore Already up-to-date. Yeeah!
2013-03-21 08:00:00-07:00 --- INFO: Securing .git directory... 
2013-03-21 08:00:00-07:00 --- INFO: Deployment successful.
2013-03-21 08:13:24-07:00 --- INFO: Attempting deployment...
2013-03-21 08:13:24-07:00 --- INFO: Changing working directory... 
2013-03-21 08:13:24-07:00 --- INFO: Reseting repository... HEAD is now at fd27fbb add auto responder
2013-03-21 08:13:25-07:00 --- INFO: Pulling in changes... HEAD is now at fd27fbb add auto responder Updating fd27fbb..4d95247 Fast-forward  send.php |    2 +-  1 files changed, 1 insertions(+), 1 deletions(-)
2013-03-21 08:13:25-07:00 --- INFO: Securing .git directory... 
2013-03-21 08:13:25-07:00 --- INFO: Deployment successful.
2013-03-21 09:14:05-07:00 --- INFO: Attempting deployment...
2013-03-21 09:14:05-07:00 --- INFO: Changing working directory... 
2013-03-21 09:14:05-07:00 --- INFO: Reseting repository... HEAD is now at 4d95247 change from email
2013-03-21 09:14:06-07:00 --- INFO: Pulling in changes... HEAD is now at 4d95247 change from email Updating 4d95247..349df51 Fast-forward  send.php |    2 +-  1 files changed, 1 insertions(+), 1 deletions(-)
2013-03-21 09:14:06-07:00 --- INFO: Securing .git directory... 
2013-03-21 09:14:06-07:00 --- INFO: Deployment successful.
2013-03-21 11:25:15-07:00 --- INFO: Attempting deployment...
2013-03-21 11:25:15-07:00 --- INFO: Changing working directory... 
2013-03-21 11:25:17-07:00 --- INFO: Reseting repository... HEAD is now at 349df51 change email to no reply
2013-03-21 11:25:19-07:00 --- INFO: Pulling in changes... HEAD is now at 349df51 change email to no reply Updating 349df51..9612fea Fast-forward  css/frontend.css       |   42 +-  css/frontend.less      | 1783 ++++++++++++++++++++++++------------------------  pages/registration.php |  139 ++--  send.php               |   27 +-  4 files changed, 1012 insertions(+), 979 deletions(-)
2013-03-21 11:25:19-07:00 --- INFO: Securing .git directory... 
2013-03-21 11:25:19-07:00 --- INFO: Deployment successful.
2013-03-21 11:36:51-07:00 --- INFO: Attempting deployment...
2013-03-21 11:36:51-07:00 --- INFO: Changing working directory... 
2013-03-21 11:36:51-07:00 --- INFO: Reseting repository... HEAD is now at 9612fea new field
2013-03-21 11:36:52-07:00 --- INFO: Pulling in changes... HEAD is now at 9612fea new field Updating 9612fea..e621b1e Fast-forward  css/frontend.less      |    1 +  pages/registration.php |    2 +-  2 files changed, 2 insertions(+), 1 deletions(-)
2013-03-21 11:36:52-07:00 --- INFO: Securing .git directory... 
2013-03-21 11:36:52-07:00 --- INFO: Deployment successful.
2013-03-22 07:19:35-07:00 --- INFO: Attempting deployment...
2013-03-22 07:19:35-07:00 --- INFO: Changing working directory... 
2013-03-22 07:19:36-07:00 --- INFO: Reseting repository... HEAD is now at e621b1e css copy
2013-03-22 07:19:37-07:00 --- INFO: Pulling in changes... HEAD is now at e621b1e css copy Updating e621b1e..929b81a Fast-forward  css/frontend.css |    1 +  send.php         |   23 +++++++++++++++++++++++  2 files changed, 24 insertions(+), 0 deletions(-)
2013-03-22 07:19:37-07:00 --- INFO: Securing .git directory... 
2013-03-22 07:19:37-07:00 --- INFO: Deployment successful.
2013-03-22 07:24:44-07:00 --- INFO: Attempting deployment...
2013-03-22 07:24:44-07:00 --- INFO: Changing working directory... 
2013-03-22 07:24:44-07:00 --- INFO: Reseting repository... HEAD is now at 929b81a send notifications
2013-03-22 07:24:45-07:00 --- INFO: Pulling in changes... HEAD is now at 929b81a send notifications Updating 929b81a..554be79 Fast-forward  send.php |    2 ++  1 files changed, 2 insertions(+), 0 deletions(-)
2013-03-22 07:24:45-07:00 --- INFO: Securing .git directory... 
2013-03-22 07:24:45-07:00 --- INFO: Deployment successful.
2013-03-22 07:25:33-07:00 --- INFO: Attempting deployment...
2013-03-22 07:25:33-07:00 --- INFO: Changing working directory... 
2013-03-22 07:25:33-07:00 --- INFO: Reseting repository... HEAD is now at 554be79 debug
2013-03-22 07:25:34-07:00 --- INFO: Pulling in changes... HEAD is now at 554be79 debug Already up-to-date.
2013-03-22 07:25:34-07:00 --- INFO: Securing .git directory... 
2013-03-22 07:25:34-07:00 --- INFO: Deployment successful.
2013-03-22 07:27:33-07:00 --- INFO: Attempting deployment...
2013-03-22 07:27:33-07:00 --- INFO: Changing working directory... 
2013-03-22 07:27:33-07:00 --- INFO: Reseting repository... HEAD is now at 554be79 debug
2013-03-22 07:27:35-07:00 --- INFO: Pulling in changes... HEAD is now at 554be79 debug Updating 554be79..15b0f88 Fast-forward  send.php |    2 --  1 files changed, 0 insertions(+), 2 deletions(-)
2013-03-22 07:27:35-07:00 --- INFO: Securing .git directory... 
2013-03-22 07:27:35-07:00 --- INFO: Deployment successful.
2013-03-22 07:28:28-07:00 --- INFO: Attempting deployment...
2013-03-22 07:28:28-07:00 --- INFO: Changing working directory... 
2013-03-22 07:28:28-07:00 --- INFO: Reseting repository... HEAD is now at 15b0f88 remove debug emails
2013-03-22 07:28:29-07:00 --- INFO: Pulling in changes... HEAD is now at 15b0f88 remove debug emails Already up-to-date.
2013-03-22 07:28:29-07:00 --- INFO: Securing .git directory... 
2013-03-22 07:28:29-07:00 --- INFO: Deployment successful.
2013-03-25 11:10:52-07:00 --- INFO: Attempting deployment...
2013-03-25 11:10:52-07:00 --- INFO: Changing working directory... 
2013-03-25 11:10:53-07:00 --- INFO: Reseting repository... HEAD is now at 15b0f88 remove debug emails
2013-03-25 11:10:54-07:00 --- INFO: Attempting deployment...
2013-03-25 11:10:54-07:00 --- INFO: Changing working directory... 
2013-03-25 11:10:54-07:00 --- INFO: Reseting repository... HEAD is now at 15b0f88 remove debug emails
2013-03-25 11:10:55-07:00 --- INFO: Pulling in changes... HEAD is now at 15b0f88 remove debug emails Updating 15b0f88..fdc9f29 Fast-forward  send.php |    2 +-  1 files changed, 1 insertions(+), 1 deletions(-)
2013-03-25 11:10:55-07:00 --- INFO: Pulling in changes... HEAD is now at 15b0f88 remove debug emails Already up-to-date. Yeeah!
2013-03-25 11:10:56-07:00 --- INFO: Securing .git directory... 
2013-03-25 11:10:56-07:00 --- INFO: Securing .git directory... 
2013-03-25 11:10:56-07:00 --- INFO: Deployment successful.
2013-03-25 11:10:56-07:00 --- INFO: Deployment successful.
2013-03-25 11:10:57-07:00 --- INFO: Attempting deployment...
2013-03-25 11:10:57-07:00 --- INFO: Changing working directory... 
2013-03-25 11:10:57-07:00 --- INFO: Reseting repository... HEAD is now at fdc9f29 change copy
2013-03-25 11:10:58-07:00 --- INFO: Pulling in changes... HEAD is now at fdc9f29 change copy Already up-to-date.
2013-03-25 11:10:58-07:00 --- INFO: Securing .git directory... 
2013-03-25 11:10:58-07:00 --- INFO: Deployment successful.
2013-03-25 11:12:44-07:00 --- INFO: Attempting deployment...
2013-03-25 11:12:44-07:00 --- INFO: Changing working directory... 
2013-03-25 11:12:44-07:00 --- INFO: Reseting repository... HEAD is now at fdc9f29 change copy
2013-03-25 11:12:45-07:00 --- INFO: Pulling in changes... HEAD is now at fdc9f29 change copy Updating fdc9f29..102062c Fast-forward  send.php |    2 +-  1 files changed, 1 insertions(+), 1 deletions(-)
2013-03-25 11:12:45-07:00 --- INFO: Securing .git directory... 
2013-03-25 11:12:45-07:00 --- INFO: Deployment successful.
2013-04-10 07:04:29-07:00 --- INFO: Attempting deployment...
2013-04-10 07:04:29-07:00 --- INFO: Changing working directory... 
2013-04-10 07:04:29-07:00 --- INFO: Reseting repository... HEAD is now at 102062c change copy
2013-04-10 07:04:31-07:00 --- INFO: Pulling in changes... HEAD is now at 102062c change copy Updating 102062c..baab50f Fast-forward  send.php |    2 +-  1 files changed, 1 insertions(+), 1 deletions(-)
2013-04-10 07:04:31-07:00 --- INFO: Securing .git directory... 
2013-04-10 07:04:31-07:00 --- INFO: Deployment successful.
2013-04-12 08:01:30-07:00 --- INFO: Attempting deployment...
2013-04-12 08:01:30-07:00 --- INFO: Changing working directory... 
2013-04-12 08:01:32-07:00 --- INFO: Reseting repository... HEAD is now at baab50f new email
2013-04-12 08:01:33-07:00 --- INFO: Pulling in changes... HEAD is now at baab50f new email Updating baab50f..9a3e413 Fast-forward  includes/functions.php |   35 +++++++++++++++++++++++++++++++++++  send.php               |   15 +++++----------  2 files changed, 40 insertions(+), 10 deletions(-)  create mode 100644 includes/functions.php
2013-04-12 08:01:34-07:00 --- INFO: Securing .git directory... 
2013-04-12 08:01:34-07:00 --- INFO: Deployment successful.
2013-04-18 09:57:40-07:00 --- INFO: Attempting deployment...
2013-04-18 09:57:40-07:00 --- INFO: Changing working directory... 
2013-04-18 09:57:42-07:00 --- INFO: Reseting repository... HEAD is now at 9a3e413 send emails
2013-04-18 09:57:43-07:00 --- INFO: Pulling in changes... HEAD is now at 9a3e413 send emails Updating 9a3e413..b894dca Fast-forward  includes/functions.php |   17 ++++++++++++++---  1 files changed, 14 insertions(+), 3 deletions(-)
2013-04-18 09:57:44-07:00 --- INFO: Securing .git directory... 
2013-04-18 09:57:44-07:00 --- INFO: Deployment successful.
2013-04-18 09:58:05-07:00 --- INFO: Attempting deployment...
2013-04-18 09:58:05-07:00 --- INFO: Changing working directory... 
2013-04-18 09:58:05-07:00 --- INFO: Reseting repository... HEAD is now at b894dca add fallback
2013-04-18 09:58:06-07:00 --- INFO: Pulling in changes... HEAD is now at b894dca add fallback Already up-to-date.
2013-04-18 09:58:06-07:00 --- INFO: Securing .git directory... 
2013-04-18 09:58:06-07:00 --- INFO: Deployment successful.
2013-04-18 09:58:07-07:00 --- INFO: Attempting deployment...
2013-04-18 09:58:07-07:00 --- INFO: Changing working directory... 
2013-04-18 09:58:07-07:00 --- INFO: Reseting repository... HEAD is now at b894dca add fallback
2013-04-18 09:58:08-07:00 --- INFO: Pulling in changes... HEAD is now at b894dca add fallback Already up-to-date.
2013-04-18 09:58:08-07:00 --- INFO: Securing .git directory... 
2013-04-18 09:58:08-07:00 --- INFO: Deployment successful.
2014-05-06 11:15:38-07:00 --- INFO: Attempting deployment...
2014-05-06 11:15:38-07:00 --- INFO: Changing working directory... 
2014-05-06 11:15:38-07:00 --- INFO: Reseting repository... 
2014-05-06 11:15:38-07:00 --- INFO: Pulling in changes... 
2014-05-06 11:15:38-07:00 --- INFO: Securing .git directory... 
2014-05-06 11:15:38-07:00 --- INFO: Deployment successful.
2014-05-06 11:16:02-07:00 --- INFO: Attempting deployment...
2014-05-06 11:16:02-07:00 --- INFO: Changing working directory... 
2014-05-06 11:16:02-07:00 --- INFO: Reseting repository... 
2014-05-06 11:16:02-07:00 --- INFO: Pulling in changes... 
2014-05-06 11:16:02-07:00 --- INFO: Securing .git directory... 
2014-05-06 11:16:02-07:00 --- INFO: Deployment successful.
2014-05-06 11:18:09-07:00 --- INFO: Attempting deployment...
2014-05-06 11:18:09-07:00 --- INFO: Changing working directory... 
2014-05-06 11:18:09-07:00 --- INFO: Reseting repository... 
2014-05-06 11:18:09-07:00 --- INFO: Pulling in changes... 
2014-05-06 11:18:09-07:00 --- INFO: Securing .git directory... 
2014-05-06 11:18:09-07:00 --- INFO: Deployment successful.
2014-05-06 11:23:49-07:00 --- INFO: Attempting deployment...
2014-05-06 11:23:49-07:00 --- INFO: Changing working directory... 
2014-05-06 11:23:49-07:00 --- INFO: Reseting repository... 
2014-05-06 11:23:49-07:00 --- INFO: Pulling in changes... 
2014-05-06 11:23:49-07:00 --- INFO: Securing .git directory... 
2014-05-06 11:23:49-07:00 --- INFO: Deployment successful.
2014-05-06 11:28:49-07:00 --- INFO: Attempting deployment...
2014-05-06 11:28:49-07:00 --- INFO: Changing working directory... 
2014-05-06 11:28:49-07:00 --- INFO: Reseting repository... 
2014-05-06 11:28:49-07:00 --- INFO: Pulling in changes... 
2014-05-06 11:28:49-07:00 --- INFO: Securing .git directory... 
2014-05-06 11:28:49-07:00 --- INFO: Deployment successful.
2014-05-07 11:20:11-07:00 --- INFO: Attempting deployment...
2014-05-07 11:20:11-07:00 --- INFO: Changing working directory... 
2014-05-07 11:20:11-07:00 --- INFO: Reseting repository... 
2014-05-07 11:20:11-07:00 --- INFO: Pulling in changes... 
2014-05-07 11:20:11-07:00 --- INFO: Securing .git directory... 
2014-05-07 11:20:11-07:00 --- INFO: Deployment successful.
2014-06-27 09:05:43-07:00 --- INFO: Attempting deployment...
2014-06-27 09:05:43-07:00 --- INFO: Changing working directory... 
2014-06-27 09:05:43-07:00 --- INFO: Reseting repository... 
2014-06-27 09:05:43-07:00 --- INFO: Pulling in changes... 
2014-06-27 09:05:43-07:00 --- INFO: Securing .git directory... 
2014-06-27 09:05:43-07:00 --- INFO: Deployment successful.
2014-06-27 12:50:54-07:00 --- INFO: Attempting deployment...
2014-06-27 12:50:54-07:00 --- INFO: Changing working directory... 
2014-06-27 12:50:54-07:00 --- INFO: Reseting repository... 
2014-06-27 12:50:54-07:00 --- INFO: Pulling in changes... 
2014-06-27 12:50:54-07:00 --- INFO: Securing .git directory... 
2014-06-27 12:50:54-07:00 --- INFO: Deployment successful.
2014-07-03 13:55:17-07:00 --- INFO: Attempting deployment...
2014-07-03 13:55:17-07:00 --- INFO: Changing working directory... 
2014-07-03 13:55:17-07:00 --- INFO: Reseting repository... 
2014-07-03 13:55:17-07:00 --- INFO: Pulling in changes... 
2014-07-03 13:55:18-07:00 --- INFO: Securing .git directory... 
2014-07-03 13:55:18-07:00 --- INFO: Deployment successful.
2014-07-04 12:03:52-07:00 --- INFO: Attempting deployment...
2014-07-04 12:03:52-07:00 --- INFO: Changing working directory... 
2014-07-04 12:03:52-07:00 --- INFO: Reseting repository... 
2014-07-04 12:03:52-07:00 --- INFO: Pulling in changes... 
2014-07-04 12:03:52-07:00 --- INFO: Securing .git directory... 
2014-07-04 12:03:52-07:00 --- INFO: Deployment successful.
2014-07-07 09:09:13-07:00 --- INFO: Attempting deployment...
2014-07-07 09:09:13-07:00 --- INFO: Changing working directory... 
2014-07-07 09:09:13-07:00 --- INFO: Reseting repository... 
2014-07-07 09:09:13-07:00 --- INFO: Pulling in changes... 
2014-07-07 09:09:14-07:00 --- INFO: Securing .git directory... 
2014-07-07 09:09:14-07:00 --- INFO: Deployment successful.
2014-07-07 09:13:11-07:00 --- INFO: Attempting deployment...
2014-07-07 09:13:11-07:00 --- INFO: Changing working directory... 
2014-07-07 09:13:11-07:00 --- INFO: Reseting repository... 
2014-07-07 09:13:11-07:00 --- INFO: Pulling in changes... 
2014-07-07 09:13:11-07:00 --- INFO: Securing .git directory... 
2014-07-07 09:13:11-07:00 --- INFO: Deployment successful.
2014-07-15 12:11:20-07:00 --- INFO: Attempting deployment...
2014-07-15 12:11:20-07:00 --- INFO: Changing working directory... 
2014-07-15 12:11:20-07:00 --- INFO: Reseting repository... 
2014-07-15 12:11:20-07:00 --- INFO: Pulling in changes... 
2014-07-15 12:11:22-07:00 --- INFO: Securing .git directory... 
2014-07-15 12:11:22-07:00 --- INFO: Deployment successful.
2014-07-21 08:42:26-07:00 --- INFO: Attempting deployment...
2014-07-21 08:42:26-07:00 --- INFO: Changing working directory... 
2014-07-21 08:42:26-07:00 --- INFO: Reseting repository... 
2014-07-21 08:42:26-07:00 --- INFO: Pulling in changes... 
2014-07-21 08:42:27-07:00 --- INFO: Securing .git directory... 
2014-07-21 08:42:27-07:00 --- INFO: Deployment successful.
